c:\myfiles\softwareteam\technology\touchgfx\project template\project\stm32f769_keil\graphic\build\debug\obj\oswrappers.obj
c:\myfiles\softwareteam\technology\touchgfx\project template\project\stm32f769_keil\graphic\build\debug\obj\frontendapplication.obj
c:\myfiles\softwareteam\technology\touchgfx\project template\project\stm32f769_keil\graphic\build\debug\obj\model.obj
c:\myfiles\softwareteam\technology\touchgfx\project template\project\stm32f769_keil\graphic\build\debug\obj\main.obj
c:\myfiles\softwareteam\technology\touchgfx\project template\project\stm32f769_keil\graphic\build\debug\obj\halsdl2_icon.obj
c:\myfiles\softwareteam\technology\touchgfx\project template\project\stm32f769_keil\graphic\build\debug\obj\mainpresenter.obj
c:\myfiles\softwareteam\technology\touchgfx\project template\project\stm32f769_keil\graphic\build\debug\obj\sdl2touchcontroller.obj
c:\myfiles\softwareteam\technology\touchgfx\project template\project\stm32f769_keil\graphic\build\debug\obj\mainview.obj
c:\windows\temp\aexam\aexcfec.tmp
c:\myfiles\softwareteam\technology\touchgfx\project template\project\stm32f769_keil\graphic\build\debug\obj\halsdl2.obj
c:\myfiles\softwareteam\technology\touchgfx\project template\project\stm32f769_keil\graphic\build\debug\obj\vc140.pdb
c:\myfiles\softwareteam\technology\touchgfx\project template\project\stm32f769_keil\graphic\build\debug\obj\font_robotocondensed_regular_114_4bpp.obj
c:\myfiles\softwareteam\technology\touchgfx\project template\project\stm32f769_keil\graphic\build\debug\obj\font_robotocondensed_regular_114_4bpp.asm
c:\myfiles\softwareteam\technology\touchgfx\project template\project\stm32f769_keil\graphic\build\debug\obj\bitmapdatabase.obj
c:\myfiles\softwareteam\technology\touchgfx\project template\project\stm32f769_keil\graphic\build\debug\obj\bitmapdatabase.asm
c:\myfiles\softwareteam\technology\touchgfx\project template\project\stm32f769_keil\graphic\build\debug\obj\down_btn_disabled.obj
c:\myfiles\softwareteam\technology\touchgfx\project template\project\stm32f769_keil\graphic\build\debug\obj\down_btn_disabled.asm
c:\myfiles\softwareteam\technology\touchgfx\project template\project\stm32f769_keil\graphic\build\debug\obj\up_btn.obj
c:\myfiles\softwareteam\technology\touchgfx\project template\project\stm32f769_keil\graphic\build\debug\obj\up_btn.asm
c:\myfiles\softwareteam\technology\touchgfx\project template\project\stm32f769_keil\graphic\build\debug\obj\languagegb.obj
c:\myfiles\softwareteam\technology\touchgfx\project template\project\stm32f769_keil\graphic\build\debug\obj\languagegb.asm
c:\myfiles\softwareteam\technology\touchgfx\project template\project\stm32f769_keil\graphic\build\debug\obj\typedtextdatabase.obj
c:\myfiles\softwareteam\technology\touchgfx\project template\project\stm32f769_keil\graphic\build\debug\obj\typedtextdatabase.asm
c:\myfiles\softwareteam\technology\touchgfx\project template\project\stm32f769_keil\graphic\build\debug\obj\fontgetters.obj
c:\myfiles\softwareteam\technology\touchgfx\project template\project\stm32f769_keil\graphic\build\debug\obj\fontgetters.asm
c:\myfiles\softwareteam\technology\touchgfx\project template\project\stm32f769_keil\graphic\build\debug\obj\counter_box.obj
c:\myfiles\softwareteam\technology\touchgfx\project template\project\stm32f769_keil\graphic\build\debug\obj\counter_box.asm
c:\myfiles\softwareteam\technology\touchgfx\project template\project\stm32f769_keil\graphic\build\debug\obj\up_btn_disabled.obj
c:\myfiles\softwareteam\technology\touchgfx\project template\project\stm32f769_keil\graphic\build\debug\obj\up_btn_disabled.asm
c:\myfiles\softwareteam\technology\touchgfx\project template\project\stm32f769_keil\graphic\build\debug\obj\texts.obj
c:\myfiles\softwareteam\technology\touchgfx\project template\project\stm32f769_keil\graphic\build\debug\obj\texts.asm
c:\myfiles\softwareteam\technology\touchgfx\project template\project\stm32f769_keil\graphic\build\debug\obj\applicationfontprovider.obj
c:\myfiles\softwareteam\technology\touchgfx\project template\project\stm32f769_keil\graphic\build\debug\obj\applicationfontprovider.asm
c:\myfiles\softwareteam\technology\touchgfx\project template\project\stm32f769_keil\graphic\build\debug\obj\bg.obj
c:\myfiles\softwareteam\technology\touchgfx\project template\project\stm32f769_keil\graphic\build\debug\obj\bg.asm
c:\myfiles\softwareteam\technology\touchgfx\project template\project\stm32f769_keil\graphic\build\debug\obj\kerning_robotocondensed_regular_114_4bpp.obj
c:\myfiles\softwareteam\technology\touchgfx\project template\project\stm32f769_keil\graphic\build\debug\obj\kerning_robotocondensed_regular_114_4bpp.asm
c:\myfiles\softwareteam\technology\touchgfx\project template\project\stm32f769_keil\graphic\build\debug\obj\table_robotocondensed_regular_114_4bpp.obj
c:\myfiles\softwareteam\technology\touchgfx\project template\project\stm32f769_keil\graphic\build\debug\obj\table_robotocondensed_regular_114_4bpp.asm
c:\myfiles\softwareteam\technology\touchgfx\project template\project\stm32f769_keil\graphic\build\debug\obj\down_btn.obj
c:\myfiles\softwareteam\technology\touchgfx\project template\project\stm32f769_keil\graphic\build\debug\obj\down_btn.asm
c:\myfiles\softwareteam\technology\touchgfx\project template\project\stm32f769_keil\graphic\build\debug\obj\down_btn_pressed.obj
c:\myfiles\softwareteam\technology\touchgfx\project template\project\stm32f769_keil\graphic\build\debug\obj\down_btn_pressed.asm
c:\myfiles\softwareteam\technology\touchgfx\project template\project\stm32f769_keil\graphic\build\debug\obj\up_btn_pressed.obj
c:\myfiles\softwareteam\technology\touchgfx\project template\project\stm32f769_keil\graphic\build\debug\obj\up_btn_pressed.asm
c:\myfiles\softwareteam\technology\touchgfx\project_template\project\stm32f769_keil\graphic\build\debug\obj\halsdl2.obj
c:\myfiles\softwareteam\technology\touchgfx\project_template\project\stm32f769_keil\graphic\build\debug\obj\sdl2touchcontroller.obj
c:\myfiles\softwareteam\technology\touchgfx\project_template\project\stm32f769_keil\graphic\build\debug\obj\mainview.obj
c:\myfiles\softwareteam\technology\touchgfx\project_template\project\stm32f769_keil\graphic\build\debug\obj\oswrappers.obj
c:\myfiles\softwareteam\technology\touchgfx\project_template\project\stm32f769_keil\graphic\build\debug\obj\frontendapplication.obj
c:\myfiles\softwareteam\technology\touchgfx\project_template\project\stm32f769_keil\graphic\build\debug\obj\model.obj
c:\myfiles\softwareteam\technology\touchgfx\project_template\project\stm32f769_keil\graphic\build\debug\obj\main.obj
c:\myfiles\softwareteam\technology\touchgfx\project_template\project\stm32f769_keil\graphic\build\debug\obj\halsdl2_icon.obj
c:\myfiles\softwareteam\technology\touchgfx\project_template\project\stm32f769_keil\graphic\build\debug\obj\mainpresenter.obj
c:\windows\temp\aexam\aexdf38.tmp
c:\myfiles\softwareteam\technology\touchgfx\project_template\project\stm32f769_keil\graphic\build\debug\obj\font_robotocondensed_regular_114_4bpp.obj
c:\myfiles\softwareteam\technology\touchgfx\project_template\project\stm32f769_keil\graphic\build\debug\obj\font_robotocondensed_regular_114_4bpp.asm
c:\myfiles\softwareteam\technology\touchgfx\project_template\project\stm32f769_keil\graphic\build\debug\obj\counter_box.obj
c:\myfiles\softwareteam\technology\touchgfx\project_template\project\stm32f769_keil\graphic\build\debug\obj\counter_box.asm
c:\myfiles\softwareteam\technology\touchgfx\project_template\project\stm32f769_keil\graphic\build\debug\obj\up_btn_disabled.obj
c:\myfiles\softwareteam\technology\touchgfx\project_template\project\stm32f769_keil\graphic\build\debug\obj\up_btn_disabled.asm
c:\myfiles\softwareteam\technology\touchgfx\project_template\project\stm32f769_keil\graphic\build\debug\obj\texts.obj
c:\myfiles\softwareteam\technology\touchgfx\project_template\project\stm32f769_keil\graphic\build\debug\obj\texts.asm
c:\windows\temp\aexam\aexdf39.tmp
c:\myfiles\softwareteam\technology\touchgfx\project_template\project\stm32f769_keil\graphic\build\debug\obj\fontgetters.obj
c:\myfiles\softwareteam\technology\touchgfx\project_template\project\stm32f769_keil\graphic\build\debug\obj\fontgetters.asm
c:\myfiles\softwareteam\technology\touchgfx\project_template\project\stm32f769_keil\graphic\build\debug\obj\bg.obj
c:\myfiles\softwareteam\technology\touchgfx\project_template\project\stm32f769_keil\graphic\build\debug\obj\bg.asm
c:\myfiles\softwareteam\technology\touchgfx\project_template\project\stm32f769_keil\graphic\build\debug\obj\applicationfontprovider.obj
c:\myfiles\softwareteam\technology\touchgfx\project_template\project\stm32f769_keil\graphic\build\debug\obj\applicationfontprovider.asm
c:\myfiles\softwareteam\technology\touchgfx\project_template\project\stm32f769_keil\graphic\build\debug\obj\bitmapdatabase.obj
c:\myfiles\softwareteam\technology\touchgfx\project_template\project\stm32f769_keil\graphic\build\debug\obj\bitmapdatabase.asm
c:\myfiles\softwareteam\technology\touchgfx\project_template\project\stm32f769_keil\graphic\build\debug\obj\down_btn_disabled.obj
c:\myfiles\softwareteam\technology\touchgfx\project_template\project\stm32f769_keil\graphic\build\debug\obj\down_btn_disabled.asm
c:\myfiles\softwareteam\technology\touchgfx\project_template\project\stm32f769_keil\graphic\build\debug\obj\up_btn.obj
c:\myfiles\softwareteam\technology\touchgfx\project_template\project\stm32f769_keil\graphic\build\debug\obj\up_btn.asm
c:\myfiles\softwareteam\technology\touchgfx\project_template\project\stm32f769_keil\graphic\build\debug\obj\languagegb.obj
c:\myfiles\softwareteam\technology\touchgfx\project_template\project\stm32f769_keil\graphic\build\debug\obj\languagegb.asm
c:\myfiles\softwareteam\technology\touchgfx\project_template\project\stm32f769_keil\graphic\build\debug\obj\typedtextdatabase.obj
c:\myfiles\softwareteam\technology\touchgfx\project_template\project\stm32f769_keil\graphic\build\debug\obj\typedtextdatabase.asm
c:\myfiles\softwareteam\technology\touchgfx\project_template\project\stm32f769_keil\graphic\build\debug\obj\kerning_robotocondensed_regular_114_4bpp.obj
c:\myfiles\softwareteam\technology\touchgfx\project_template\project\stm32f769_keil\graphic\build\debug\obj\kerning_robotocondensed_regular_114_4bpp.asm
c:\myfiles\softwareteam\technology\touchgfx\project_template\project\stm32f769_keil\graphic\build\debug\obj\table_robotocondensed_regular_114_4bpp.obj
c:\myfiles\softwareteam\technology\touchgfx\project_template\project\stm32f769_keil\graphic\build\debug\obj\table_robotocondensed_regular_114_4bpp.asm
c:\myfiles\softwareteam\technology\touchgfx\project_template\project\stm32f769_keil\graphic\build\debug\obj\down_btn.obj
c:\myfiles\softwareteam\technology\touchgfx\project_template\project\stm32f769_keil\graphic\build\debug\obj\down_btn.asm
c:\myfiles\softwareteam\technology\touchgfx\project_template\project\stm32f769_keil\graphic\build\debug\obj\down_btn_pressed.obj
c:\myfiles\softwareteam\technology\touchgfx\project_template\project\stm32f769_keil\graphic\build\debug\obj\down_btn_pressed.asm
c:\myfiles\softwareteam\technology\touchgfx\project_template\project\stm32f769_keil\graphic\build\debug\obj\up_btn_pressed.obj
c:\myfiles\softwareteam\technology\touchgfx\project_template\project\stm32f769_keil\graphic\build\debug\obj\up_btn_pressed.asm
c:\myfiles\softwareteam\technology\touchgfx\project_template\project\stm32f769_keil\graphic\build\debug\obj\vc140.pdb
c:\windows\temp\aexam\aex45b9.tmp
c:\windows\temp\aexam\aexd5d9.tmp
c:\windows\temp\aexam\aexd5d8.tmp
c:\myfiles\softwareteam\technology\touchgfx\project_template\project\stm32f769_keil\graphic\build\debug\obj\kerning_robotocondensed_regular_50_4bpp.obj
c:\myfiles\softwareteam\technology\touchgfx\project_template\project\stm32f769_keil\graphic\build\debug\obj\kerning_robotocondensed_regular_50_4bpp.asm
c:\windows\temp\aexam\aex7725.tmp
c:\myfiles\softwareteam\technology\touchgfx\project_template\project\stm32f769_keil\graphic\build\debug\obj\font_robotocondensed_regular_50_4bpp.obj
c:\myfiles\softwareteam\technology\touchgfx\project_template\project\stm32f769_keil\graphic\build\debug\obj\font_robotocondensed_regular_50_4bpp.asm
c:\windows\temp\aexam\aex7726.tmp
c:\myfiles\softwareteam\technology\touchgfx\project_template\project\stm32f769_keil\graphic\build\debug\obj\table_robotocondensed_regular_50_4bpp.obj
c:\myfiles\softwareteam\technology\touchgfx\project_template\project\stm32f769_keil\graphic\build\debug\obj\table_robotocondensed_regular_50_4bpp.asm
c:\myfiles\softwareteam\technology\touchgfx\project_template\project\stm32f769_keil\graphic\build\debug\obj\vc140.idb
c:\windows\temp\aexam\aexc449.tmp
c:\myfiles\softwareteam\technology\touchgfx\project_template\project\stm32f746_keil\graphic\build\debug\obj\oswrappers.obj
c:\myfiles\softwareteam\technology\touchgfx\project_template\project\stm32f746_keil\graphic\build\debug\obj\frontendapplication.obj
c:\myfiles\softwareteam\technology\touchgfx\project_template\project\stm32f746_keil\graphic\build\debug\obj\model.obj
c:\myfiles\softwareteam\technology\touchgfx\project_template\project\stm32f746_keil\graphic\build\debug\obj\main.obj
c:\windows\temp\aexam\aexc44a.tmp
c:\myfiles\softwareteam\technology\touchgfx\project_template\project\stm32f746_keil\graphic\build\debug\obj\halsdl2.obj
c:\windows\temp\aexam\aexc448.tmp
c:\myfiles\softwareteam\technology\touchgfx\project_template\project\stm32f746_keil\graphic\build\debug\obj\halsdl2_icon.obj
c:\myfiles\softwareteam\technology\touchgfx\project_template\project\stm32f746_keil\graphic\build\debug\obj\mainpresenter.obj
c:\myfiles\softwareteam\technology\touchgfx\project_template\project\stm32f746_keil\graphic\build\debug\obj\sdl2touchcontroller.obj
c:\myfiles\softwareteam\technology\touchgfx\project_template\project\stm32f746_keil\graphic\build\debug\obj\mainview.obj
c:\myfiles\softwareteam\technology\touchgfx\project_template\project\stm32f746_keil\graphic\build\debug\obj\vc140.pdb
c:\myfiles\softwareteam\technology\touchgfx\project_template\project\stm32f746_keil\graphic\build\debug\obj\fontgetters.obj
c:\myfiles\softwareteam\technology\touchgfx\project_template\project\stm32f746_keil\graphic\build\debug\obj\fontgetters.asm
c:\myfiles\softwareteam\technology\touchgfx\project_template\project\stm32f746_keil\graphic\build\debug\obj\languagegb.obj
c:\myfiles\softwareteam\technology\touchgfx\project_template\project\stm32f746_keil\graphic\build\debug\obj\languagegb.asm
c:\myfiles\softwareteam\technology\touchgfx\project_template\project\stm32f746_keil\graphic\build\debug\obj\kerning_robotocondensed_regular_50_4bpp.obj
c:\myfiles\softwareteam\technology\touchgfx\project_template\project\stm32f746_keil\graphic\build\debug\obj\kerning_robotocondensed_regular_50_4bpp.asm
c:\myfiles\softwareteam\technology\touchgfx\project_template\project\stm32f746_keil\graphic\build\debug\obj\table_robotocondensed_regular_50_4bpp.obj
c:\myfiles\softwareteam\technology\touchgfx\project_template\project\stm32f746_keil\graphic\build\debug\obj\table_robotocondensed_regular_50_4bpp.asm
c:\myfiles\softwareteam\technology\touchgfx\project_template\project\stm32f746_keil\graphic\build\debug\obj\typedtextdatabase.obj
c:\myfiles\softwareteam\technology\touchgfx\project_template\project\stm32f746_keil\graphic\build\debug\obj\typedtextdatabase.asm
c:\myfiles\softwareteam\technology\touchgfx\project_template\project\stm32f746_keil\graphic\build\debug\obj\applicationfontprovider.obj
c:\myfiles\softwareteam\technology\touchgfx\project_template\project\stm32f746_keil\graphic\build\debug\obj\applicationfontprovider.asm
c:\myfiles\softwareteam\technology\touchgfx\project_template\project\stm32f746_keil\graphic\build\debug\obj\bg.obj
c:\myfiles\softwareteam\technology\touchgfx\project_template\project\stm32f746_keil\graphic\build\debug\obj\bg.asm
c:\windows\temp\aexam\aexd806.tmp
c:\myfiles\softwareteam\technology\touchgfx\project_template\project\stm32f746_keil\graphic\build\debug\obj\font_robotocondensed_regular_50_4bpp.obj
c:\myfiles\softwareteam\technology\touchgfx\project_template\project\stm32f746_keil\graphic\build\debug\obj\font_robotocondensed_regular_50_4bpp.asm
c:\myfiles\softwareteam\technology\touchgfx\project_template\project\stm32f746_keil\graphic\build\debug\obj\bitmapdatabase.obj
c:\myfiles\softwareteam\technology\touchgfx\project_template\project\stm32f746_keil\graphic\build\debug\obj\bitmapdatabase.asm
c:\myfiles\softwareteam\technology\touchgfx\project_template\project\stm32f746_keil\graphic\build\debug\obj\texts.obj
c:\myfiles\softwareteam\technology\touchgfx\project_template\project\stm32f746_keil\graphic\build\debug\obj\texts.asm
c:\myfiles\softwareteam\technology\touchgfx\project_template\project\stm32f746_keil\graphic\build\debug\obj\vc140.idb
c:\windows\temp\aexam\aex2972.tmp
c:\myfiles\softwareteam\technology\touchgfx\project_template\project\oscilloscope\graphic\build\debug\obj\halsdl2.obj
c:\myfiles\softwareteam\technology\touchgfx\project_template\project\oscilloscope\graphic\build\debug\obj\oswrappers.obj
c:\myfiles\softwareteam\technology\touchgfx\project_template\project\oscilloscope\graphic\build\debug\obj\frontendapplication.obj
c:\myfiles\softwareteam\technology\touchgfx\project_template\project\oscilloscope\graphic\build\debug\obj\model.obj
c:\myfiles\softwareteam\technology\touchgfx\project_template\project\oscilloscope\graphic\build\debug\obj\halsdl2_icon.obj
c:\myfiles\softwareteam\technology\touchgfx\project_template\project\oscilloscope\graphic\build\debug\obj\mainpresenter.obj
c:\myfiles\softwareteam\technology\touchgfx\project_template\project\oscilloscope\graphic\build\debug\obj\sdl2touchcontroller.obj
c:\myfiles\softwareteam\technology\touchgfx\project_template\project\oscilloscope\graphic\build\debug\obj\main.obj
c:\myfiles\softwareteam\technology\touchgfx\project_template\project\oscilloscope\graphic\build\debug\obj\customlistelement.obj
c:\myfiles\softwareteam\technology\touchgfx\project_template\project\oscilloscope\graphic\build\debug\obj\triggerline.obj
c:\myfiles\softwareteam\technology\touchgfx\project_template\project\oscilloscope\graphic\build\debug\obj\marker.obj
c:\myfiles\softwareteam\technology\touchgfx\project_template\project\oscilloscope\graphic\build\debug\obj\graph.obj
c:\myfiles\softwareteam\technology\touchgfx\project_template\project\oscilloscope\graphic\build\debug\obj\mainview.obj
c:\myfiles\softwareteam\technology\touchgfx\project_template\project\oscilloscope\graphic\build\debug\obj\channelcontrolpanel.obj
c:\myfiles\softwareteam\technology\touchgfx\project_template\project\oscilloscope\graphic\build\debug\obj\vc140.pdb
c:\myfiles\softwareteam\technology\touchgfx\project_template\project\oscilloscope\graphic\build\debug\obj\fontgetters.obj
c:\myfiles\softwareteam\technology\touchgfx\project_template\project\oscilloscope\graphic\build\debug\obj\fontgetters.asm
c:\myfiles\softwareteam\technology\touchgfx\project_template\project\oscilloscope\graphic\build\debug\obj\font_asap_regular_18_4bpp.obj
c:\myfiles\softwareteam\technology\touchgfx\project_template\project\oscilloscope\graphic\build\debug\obj\font_asap_regular_18_4bpp.asm
c:\myfiles\softwareteam\technology\touchgfx\project_template\project\oscilloscope\graphic\build\debug\obj\kerning_asap_regular_18_4bpp.obj
c:\myfiles\softwareteam\technology\touchgfx\project_template\project\oscilloscope\graphic\build\debug\obj\kerning_asap_regular_18_4bpp.asm
c:\myfiles\softwareteam\technology\touchgfx\project_template\project\oscilloscope\graphic\build\debug\obj\table_asap_regular_18_4bpp.obj
c:\myfiles\softwareteam\technology\touchgfx\project_template\project\oscilloscope\graphic\build\debug\obj\table_asap_regular_18_4bpp.asm
c:\myfiles\softwareteam\technology\touchgfx\project_template\project\oscilloscope\graphic\build\debug\obj\ch1downoff.obj
c:\myfiles\softwareteam\technology\touchgfx\project_template\project\oscilloscope\graphic\build\debug\obj\ch1downoff.asm
c:\myfiles\softwareteam\technology\touchgfx\project_template\project\oscilloscope\graphic\build\debug\obj\ch1downonn.obj
c:\myfiles\softwareteam\technology\touchgfx\project_template\project\oscilloscope\graphic\build\debug\obj\ch1downonn.asm
c:\myfiles\softwareteam\technology\touchgfx\project_template\project\oscilloscope\graphic\build\debug\obj\ch1uponn.obj
c:\myfiles\softwareteam\technology\touchgfx\project_template\project\oscilloscope\graphic\build\debug\obj\ch1uponn.asm
c:\myfiles\softwareteam\technology\touchgfx\project_template\project\oscilloscope\graphic\build\debug\obj\ch2downonn.obj
c:\myfiles\softwareteam\technology\touchgfx\project_template\project\oscilloscope\graphic\build\debug\obj\ch2downonn.asm
c:\myfiles\softwareteam\technology\touchgfx\project_template\project\oscilloscope\graphic\build\debug\obj\ch2uponn.obj
c:\myfiles\softwareteam\technology\touchgfx\project_template\project\oscilloscope\graphic\build\debug\obj\ch2uponn.asm
c:\myfiles\softwareteam\technology\touchgfx\project_template\project\oscilloscope\graphic\build\debug\obj\channelinfo.obj
c:\myfiles\softwareteam\technology\touchgfx\project_template\project\oscilloscope\graphic\build\debug\obj\channelinfo.asm
c:\myfiles\softwareteam\technology\touchgfx\project_template\project\oscilloscope\graphic\build\debug\obj\chn1controlbuttonon.obj
c:\myfiles\softwareteam\technology\touchgfx\project_template\project\oscilloscope\graphic\build\debug\obj\chn1controlbuttonon.asm
c:\myfiles\softwareteam\technology\touchgfx\project_template\project\oscilloscope\graphic\build\debug\obj\chn2controlbuttonon.obj
c:\myfiles\softwareteam\technology\touchgfx\project_template\project\oscilloscope\graphic\build\debug\obj\chn2controlbuttonon.asm
c:\myfiles\softwareteam\technology\touchgfx\project_template\project\oscilloscope\graphic\build\debug\obj\counterbox.obj
c:\myfiles\softwareteam\technology\touchgfx\project_template\project\oscilloscope\graphic\build\debug\obj\counterbox.asm
c:\myfiles\softwareteam\technology\touchgfx\project_template\project\oscilloscope\graphic\build\debug\obj\down_press_1.obj
c:\myfiles\softwareteam\technology\touchgfx\project_template\project\oscilloscope\graphic\build\debug\obj\down_press_1.asm
c:\myfiles\softwareteam\technology\touchgfx\project_template\project\oscilloscope\graphic\build\debug\obj\down_press_2.obj
c:\myfiles\softwareteam\technology\touchgfx\project_template\project\oscilloscope\graphic\build\debug\obj\down_press_2.asm
c:\myfiles\softwareteam\technology\touchgfx\project_template\project\oscilloscope\graphic\build\debug\obj\down_unpress_1.obj
c:\myfiles\softwareteam\technology\touchgfx\project_template\project\oscilloscope\graphic\build\debug\obj\down_unpress_1.asm
c:\myfiles\softwareteam\technology\touchgfx\project_template\project\oscilloscope\graphic\build\debug\obj\down_unpress_2.obj
c:\myfiles\softwareteam\technology\touchgfx\project_template\project\oscilloscope\graphic\build\debug\obj\down_unpress_2.asm
c:\myfiles\softwareteam\technology\touchgfx\project_template\project\oscilloscope\graphic\build\debug\obj\leftbuttonunpress.obj
c:\myfiles\softwareteam\technology\touchgfx\project_template\project\oscilloscope\graphic\build\debug\obj\leftbuttonunpress.asm
c:\myfiles\softwareteam\technology\touchgfx\project_template\project\oscilloscope\graphic\build\debug\obj\left_unpress_2.obj
c:\myfiles\softwareteam\technology\touchgfx\project_template\project\oscilloscope\graphic\build\debug\obj\left_unpress_2.asm
c:\myfiles\softwareteam\technology\touchgfx\project_template\project\oscilloscope\graphic\build\debug\obj\right_press_1.obj
c:\myfiles\softwareteam\technology\touchgfx\project_template\project\oscilloscope\graphic\build\debug\obj\right_press_1.asm
c:\myfiles\softwareteam\technology\touchgfx\project_template\project\oscilloscope\graphic\build\debug\obj\right_unpress_2.obj
c:\myfiles\softwareteam\technology\touchgfx\project_template\project\oscilloscope\graphic\build\debug\obj\right_unpress_2.asm
c:\myfiles\softwareteam\technology\touchgfx\project_template\project\oscilloscope\graphic\build\debug\obj\text_background.obj
c:\myfiles\softwareteam\technology\touchgfx\project_template\project\oscilloscope\graphic\build\debug\obj\text_background.asm
c:\myfiles\softwareteam\technology\touchgfx\project_template\project\oscilloscope\graphic\build\debug\obj\up_press_2.obj
c:\myfiles\softwareteam\technology\touchgfx\project_template\project\oscilloscope\graphic\build\debug\obj\up_press_2.asm
c:\myfiles\softwareteam\technology\touchgfx\project_template\project\oscilloscope\graphic\build\debug\obj\languagegb.obj
c:\myfiles\softwareteam\technology\touchgfx\project_template\project\oscilloscope\graphic\build\debug\obj\languagegb.asm
c:\myfiles\softwareteam\technology\touchgfx\project_template\project\oscilloscope\graphic\build\debug\obj\applicationfontprovider.obj
c:\myfiles\softwareteam\technology\touchgfx\project_template\project\oscilloscope\graphic\build\debug\obj\applicationfontprovider.asm
c:\myfiles\softwareteam\technology\touchgfx\project_template\project\oscilloscope\graphic\build\debug\obj\kerning_asap_regular_12_4bpp.obj
c:\myfiles\softwareteam\technology\touchgfx\project_template\project\oscilloscope\graphic\build\debug\obj\kerning_asap_regular_12_4bpp.asm
c:\myfiles\softwareteam\technology\touchgfx\project_template\project\oscilloscope\graphic\build\debug\obj\table_asap_regular_12_4bpp.obj
c:\myfiles\softwareteam\technology\touchgfx\project_template\project\oscilloscope\graphic\build\debug\obj\table_asap_regular_12_4bpp.asm
c:\myfiles\softwareteam\technology\touchgfx\project_template\project\oscilloscope\graphic\build\debug\obj\appbackground.obj
c:\myfiles\softwareteam\technology\touchgfx\project_template\project\oscilloscope\graphic\build\debug\obj\appbackground.asm
c:\myfiles\softwareteam\technology\touchgfx\project_template\project\oscilloscope\graphic\build\debug\obj\leftbuttonpress.obj
c:\myfiles\softwareteam\technology\touchgfx\project_template\project\oscilloscope\graphic\build\debug\obj\leftbuttonpress.asm
c:\myfiles\softwareteam\technology\touchgfx\project_template\project\oscilloscope\graphic\build\debug\obj\left_unpress_1.obj
c:\myfiles\softwareteam\technology\touchgfx\project_template\project\oscilloscope\graphic\build\debug\obj\left_unpress_1.asm
c:\myfiles\softwareteam\technology\touchgfx\project_template\project\oscilloscope\graphic\build\debug\obj\rightbuttonunpress.obj
c:\myfiles\softwareteam\technology\touchgfx\project_template\project\oscilloscope\graphic\build\debug\obj\rightbuttonunpress.asm
c:\myfiles\softwareteam\technology\touchgfx\project_template\project\oscilloscope\graphic\build\debug\obj\right_unpress_1.obj
c:\myfiles\softwareteam\technology\touchgfx\project_template\project\oscilloscope\graphic\build\debug\obj\right_unpress_1.asm
c:\myfiles\softwareteam\technology\touchgfx\project_template\project\oscilloscope\graphic\build\debug\obj\slidemenu.obj
c:\myfiles\softwareteam\technology\touchgfx\project_template\project\oscilloscope\graphic\build\debug\obj\slidemenu.asm
c:\myfiles\softwareteam\technology\touchgfx\project_template\project\oscilloscope\graphic\build\debug\obj\up_unpress_2.obj
c:\myfiles\softwareteam\technology\touchgfx\project_template\project\oscilloscope\graphic\build\debug\obj\up_unpress_2.asm
c:\myfiles\softwareteam\technology\touchgfx\project_template\project\oscilloscope\graphic\build\debug\obj\typedtextdatabase.obj
c:\myfiles\softwareteam\technology\touchgfx\project_template\project\oscilloscope\graphic\build\debug\obj\typedtextdatabase.asm
c:\myfiles\softwareteam\technology\touchgfx\project_template\project\oscilloscope\graphic\build\debug\obj\font_asap_regular_13_4bpp.obj
c:\myfiles\softwareteam\technology\touchgfx\project_template\project\oscilloscope\graphic\build\debug\obj\font_asap_regular_13_4bpp.asm
c:\myfiles\softwareteam\technology\touchgfx\project_template\project\oscilloscope\graphic\build\debug\obj\font_asap_regular_14_8bpp.obj
c:\myfiles\softwareteam\technology\touchgfx\project_template\project\oscilloscope\graphic\build\debug\obj\font_asap_regular_14_8bpp.asm
c:\myfiles\softwareteam\technology\touchgfx\project_template\project\oscilloscope\graphic\build\debug\obj\kerning_asap_regular_14_8bpp.obj
c:\myfiles\softwareteam\technology\touchgfx\project_template\project\oscilloscope\graphic\build\debug\obj\kerning_asap_regular_14_8bpp.asm
c:\myfiles\softwareteam\technology\touchgfx\project_template\project\oscilloscope\graphic\build\debug\obj\table_asap_regular_14_8bpp.obj
c:\myfiles\softwareteam\technology\touchgfx\project_template\project\oscilloscope\graphic\build\debug\obj\table_asap_regular_14_8bpp.asm
c:\myfiles\softwareteam\technology\touchgfx\project_template\project\oscilloscope\graphic\build\debug\obj\bitmapdatabase.obj
c:\myfiles\softwareteam\technology\touchgfx\project_template\project\oscilloscope\graphic\build\debug\obj\bitmapdatabase.asm
c:\myfiles\softwareteam\technology\touchgfx\project_template\project\oscilloscope\graphic\build\debug\obj\ch1upoff.obj
c:\myfiles\softwareteam\technology\touchgfx\project_template\project\oscilloscope\graphic\build\debug\obj\ch1upoff.asm
c:\myfiles\softwareteam\technology\touchgfx\project_template\project\oscilloscope\graphic\build\debug\obj\ch2downoff.obj
c:\myfiles\softwareteam\technology\touchgfx\project_template\project\oscilloscope\graphic\build\debug\obj\ch2downoff.asm
c:\myfiles\softwareteam\technology\touchgfx\project_template\project\oscilloscope\graphic\build\debug\obj\ch2upoff.obj
c:\myfiles\softwareteam\technology\touchgfx\project_template\project\oscilloscope\graphic\build\debug\obj\ch2upoff.asm
c:\myfiles\softwareteam\technology\touchgfx\project_template\project\oscilloscope\graphic\build\debug\obj\channel1.obj
c:\myfiles\softwareteam\technology\touchgfx\project_template\project\oscilloscope\graphic\build\debug\obj\channel1.asm
c:\myfiles\softwareteam\technology\touchgfx\project_template\project\oscilloscope\graphic\build\debug\obj\chn1controlbuttonoff.obj
c:\myfiles\softwareteam\technology\touchgfx\project_template\project\oscilloscope\graphic\build\debug\obj\chn1controlbuttonoff.asm
c:\myfiles\softwareteam\technology\touchgfx\project_template\project\oscilloscope\graphic\build\debug\obj\chn2controlbuttonoff.obj
c:\myfiles\softwareteam\technology\touchgfx\project_template\project\oscilloscope\graphic\build\debug\obj\chn2controlbuttonoff.asm
c:\myfiles\softwareteam\technology\touchgfx\project_template\project\oscilloscope\graphic\build\debug\obj\controlpanel.obj
c:\myfiles\softwareteam\technology\touchgfx\project_template\project\oscilloscope\graphic\build\debug\obj\controlpanel.asm
c:\myfiles\softwareteam\technology\touchgfx\project_template\project\oscilloscope\graphic\build\debug\obj\knobbutton.obj
c:\myfiles\softwareteam\technology\touchgfx\project_template\project\oscilloscope\graphic\build\debug\obj\knobbutton.asm
c:\myfiles\softwareteam\technology\touchgfx\project_template\project\oscilloscope\graphic\build\debug\obj\left_press_2.obj
c:\myfiles\softwareteam\technology\touchgfx\project_template\project\oscilloscope\graphic\build\debug\obj\left_press_2.asm
c:\myfiles\softwareteam\technology\touchgfx\project_template\project\oscilloscope\graphic\build\debug\obj\rightbuttonpress.obj
c:\myfiles\softwareteam\technology\touchgfx\project_template\project\oscilloscope\graphic\build\debug\obj\rightbuttonpress.asm
c:\myfiles\softwareteam\technology\touchgfx\project_template\project\oscilloscope\graphic\build\debug\obj\right_press_2.obj
c:\myfiles\softwareteam\technology\touchgfx\project_template\project\oscilloscope\graphic\build\debug\obj\right_press_2.asm
c:\myfiles\softwareteam\technology\touchgfx\project_template\project\oscilloscope\graphic\build\debug\obj\sideslidebutton.obj
c:\myfiles\softwareteam\technology\touchgfx\project_template\project\oscilloscope\graphic\build\debug\obj\sideslidebutton.asm
c:\myfiles\softwareteam\technology\touchgfx\project_template\project\oscilloscope\graphic\build\debug\obj\up_press_1.obj
c:\myfiles\softwareteam\technology\touchgfx\project_template\project\oscilloscope\graphic\build\debug\obj\up_press_1.asm
c:\myfiles\softwareteam\technology\touchgfx\project_template\project\oscilloscope\graphic\build\debug\obj\up_unpress_1.obj
c:\myfiles\softwareteam\technology\touchgfx\project_template\project\oscilloscope\graphic\build\debug\obj\up_unpress_1.asm
c:\myfiles\softwareteam\technology\touchgfx\project_template\project\oscilloscope\graphic\build\debug\obj\texts.obj
c:\myfiles\softwareteam\technology\touchgfx\project_template\project\oscilloscope\graphic\build\debug\obj\texts.asm
c:\windows\temp\aexam\aex8a46.tmp
c:\myfiles\softwareteam\technology\touchgfx\project_template\project\oscilloscope\graphic\build\debug\obj\font_asap_regular_12_4bpp.obj
c:\myfiles\softwareteam\technology\touchgfx\project_template\project\oscilloscope\graphic\build\debug\obj\font_asap_regular_12_4bpp.asm
c:\myfiles\softwareteam\technology\touchgfx\project_template\project\oscilloscope\graphic\build\debug\obj\kerning_asap_regular_13_4bpp.obj
c:\myfiles\softwareteam\technology\touchgfx\project_template\project\oscilloscope\graphic\build\debug\obj\kerning_asap_regular_13_4bpp.asm
c:\myfiles\softwareteam\technology\touchgfx\project_template\project\oscilloscope\graphic\build\debug\obj\table_asap_regular_13_4bpp.obj
c:\myfiles\softwareteam\technology\touchgfx\project_template\project\oscilloscope\graphic\build\debug\obj\table_asap_regular_13_4bpp.asm
c:\myfiles\softwareteam\technology\touchgfx\project_template\project\oscilloscope\graphic\build\debug\obj\bg.obj
c:\myfiles\softwareteam\technology\touchgfx\project_template\project\oscilloscope\graphic\build\debug\obj\bg.asm
c:\myfiles\softwareteam\technology\touchgfx\project_template\project\oscilloscope\graphic\build\debug\obj\left_press_1.obj
c:\myfiles\softwareteam\technology\touchgfx\project_template\project\oscilloscope\graphic\build\debug\obj\left_press_1.asm
c:\myfiles\softwareteam\technology\touchgfx\project_template\project\oscilloscope\graphic\build\debug\obj\ozibackground.obj
c:\myfiles\softwareteam\technology\touchgfx\project_template\project\oscilloscope\graphic\build\debug\obj\ozibackground.asm
c:\myfiles\softwareteam\technology\touchgfx\project template\project\stm32f769_keil\graphic\build\debug\bin\application.ilk
c:\myfiles\softwareteam\technology\touchgfx\project template\project\stm32f769_keil\graphic\build\debug\bin\application.exe
c:\myfiles\softwareteam\technology\touchgfx\project template\project\stm32f769_keil\graphic\build\debug\bin\application.pdb
c:\myfiles\softwareteam\technology\touchgfx\project_template\project\stm32f769_keil\graphic\build\debug\bin\application.ilk
c:\myfiles\softwareteam\technology\touchgfx\project_template\project\stm32f769_keil\graphic\build\debug\bin\application.exe
c:\myfiles\softwareteam\technology\touchgfx\project_template\project\stm32f769_keil\graphic\build\debug\bin\application.pdb
c:\myfiles\softwareteam\technology\touchgfx\project_template\project\stm32f746_keil\graphic\build\debug\bin\application.ilk
c:\myfiles\softwareteam\technology\touchgfx\project_template\project\stm32f746_keil\graphic\build\debug\bin\application.exe
c:\myfiles\softwareteam\technology\touchgfx\project_template\project\stm32f746_keil\graphic\build\debug\bin\application.pdb
c:\myfiles\softwareteam\technology\touchgfx\project_template\project\oscilloscope\graphic\build\debug\bin\application.ilk
c:\myfiles\softwareteam\technology\touchgfx\project_template\project\oscilloscope\graphic\build\debug\bin\application.exe
c:\myfiles\softwareteam\technology\touchgfx\project_template\project\oscilloscope\graphic\build\debug\bin\application.pdb
c:\myfiles\softwareteam\technology\touchgfx\project template\project\stm32f769_keil\graphic\build\debug\obj\touchgfx.res
c:\myfiles\softwareteam\technology\touchgfx\project_template\project\stm32f769_keil\graphic\build\debug\obj\touchgfx.res
c:\myfiles\softwareteam\technology\touchgfx\project_template\project\oscilloscope\graphic\build\debug\obj\counter_box.obj
c:\myfiles\softwareteam\technology\touchgfx\project_template\project\oscilloscope\graphic\build\debug\obj\down_btn.obj
c:\myfiles\softwareteam\technology\touchgfx\project_template\project\oscilloscope\graphic\build\debug\obj\down_btn_disabled.obj
c:\myfiles\softwareteam\technology\touchgfx\project_template\project\oscilloscope\graphic\build\debug\obj\down_btn_pressed.obj
c:\myfiles\softwareteam\technology\touchgfx\project_template\project\oscilloscope\graphic\build\debug\obj\font_robotocondensed_regular_114_4bpp.obj
c:\myfiles\softwareteam\technology\touchgfx\project_template\project\oscilloscope\graphic\build\debug\obj\font_robotocondensed_regular_50_4bpp.obj
c:\myfiles\softwareteam\technology\touchgfx\project_template\project\oscilloscope\graphic\build\debug\obj\kerning_robotocondensed_regular_114_4bpp.obj
c:\myfiles\softwareteam\technology\touchgfx\project_template\project\oscilloscope\graphic\build\debug\obj\kerning_robotocondensed_regular_50_4bpp.obj
c:\myfiles\softwareteam\technology\touchgfx\project_template\project\oscilloscope\graphic\build\debug\obj\table_robotocondensed_regular_114_4bpp.obj
c:\myfiles\softwareteam\technology\touchgfx\project_template\project\oscilloscope\graphic\build\debug\obj\table_robotocondensed_regular_50_4bpp.obj
c:\myfiles\softwareteam\technology\touchgfx\project_template\project\oscilloscope\graphic\build\debug\obj\up_btn.obj
c:\myfiles\softwareteam\technology\touchgfx\project_template\project\oscilloscope\graphic\build\debug\obj\up_btn_disabled.obj
c:\myfiles\softwareteam\technology\touchgfx\project_template\project\oscilloscope\graphic\build\debug\obj\up_btn_pressed.obj
c:\myfiles\softwareteam\technology\touchgfx\project_template\project\oscilloscope\graphic\build\debug\obj\touchgfx.res
c:\myfiles\softwareteam\technology\touchgfx\project_template\project\oscilloscope\graphic\build\debug\obj\vc140.idb
c:\myfiles\softwareteam\technology\touchgfx\project_template\project\oscilloscope\graphic\simulator\msvs\..\..\build\debug\bin\application.exe
c:\myfiles\softwareteam\technology\touchgfx\project_template\project\oscilloscope\graphic\build\debug\obj\application.tlog\cl.command.1.tlog
c:\myfiles\softwareteam\technology\touchgfx\project_template\project\oscilloscope\graphic\build\debug\obj\application.tlog\cl.read.1.tlog
c:\myfiles\softwareteam\technology\touchgfx\project_template\project\oscilloscope\graphic\build\debug\obj\application.tlog\cl.write.1.tlog
c:\myfiles\softwareteam\technology\touchgfx\project_template\project\oscilloscope\graphic\build\debug\obj\application.tlog\link.command.1.tlog
c:\myfiles\softwareteam\technology\touchgfx\project_template\project\oscilloscope\graphic\build\debug\obj\application.tlog\link.read.1.tlog
c:\myfiles\softwareteam\technology\touchgfx\project_template\project\oscilloscope\graphic\build\debug\obj\application.tlog\link.write.1.tlog
c:\myfiles\softwareteam\technology\touchgfx\project_template\project\oscilloscope\graphic\build\debug\obj\application.tlog\rc.command.1.tlog
c:\myfiles\softwareteam\technology\touchgfx\project_template\project\oscilloscope\graphic\build\debug\obj\application.tlog\rc.read.1.tlog
c:\myfiles\softwareteam\technology\touchgfx\project_template\project\oscilloscope\graphic\build\debug\obj\application.tlog\rc.write.1.tlog
